2019-01-16 15:22:43,447 - tensorflow - INFO - Init test dataset ...
2019-01-16 15:22:48,499 - tensorflow - INFO - Init train dataset and data pipeline ...
2019-01-16 15:23:10,079 - tensorflow - INFO - Creating the model ...
2019-01-16 15:23:19,201 - tensorflow - INFO - TRAIN 0 start...
2019-01-16 15:32:40,312 - tensorflow - INFO - Init test dataset ...
2019-01-16 15:32:45,415 - tensorflow - INFO - Init train dataset and data pipeline ...
2019-01-16 15:33:07,202 - tensorflow - INFO - Creating the model ...
2019-01-16 15:33:16,367 - tensorflow - INFO - TRAIN 0 start...
2019-01-16 15:33:49,587 - tensorflow - INFO - Init test dataset ...
2019-01-16 15:33:54,681 - tensorflow - INFO - Init train dataset and data pipeline ...
2019-01-16 15:34:16,374 - tensorflow - INFO - Creating the model ...
2019-01-16 15:34:25,524 - tensorflow - INFO - TRAIN 0 start...
2019-01-16 15:34:32,250 - tensorflow - INFO - TRAIN 0 end.
2019-01-16 15:42:12,927 - tensorflow - INFO - Init test dataset ...
2019-01-16 15:42:17,970 - tensorflow - INFO - Init train dataset and data pipeline ...
2019-01-16 15:42:39,412 - tensorflow - INFO - Creating the model ...
2019-01-16 15:42:48,480 - tensorflow - INFO - TRAIN 0 start...
2019-01-16 15:43:25,754 - tensorflow - INFO - step: 50, triplet_loss: 0.314712, regularization_loss: 0.390926
2019-01-16 15:43:34,440 - tensorflow - INFO - Exhausted all data in the dataset (63)!
2019-01-16 15:43:34,440 - tensorflow - INFO - TRAIN 0 end.
2019-01-16 16:46:50,671 - tensorflow - INFO - Init test dataset ...
2019-01-16 16:46:55,725 - tensorflow - INFO - Init train dataset and data pipeline ...
2019-01-16 16:47:16,996 - tensorflow - INFO - Creating the model ...
2019-01-16 16:48:27,989 - tensorflow - INFO - Init test dataset ...
2019-01-16 16:48:33,044 - tensorflow - INFO - Init train dataset and data pipeline ...
2019-01-16 16:48:54,351 - tensorflow - INFO - Creating the model ...
2019-01-16 16:50:13,925 - tensorflow - INFO - Init test dataset ...
2019-01-16 16:50:19,124 - tensorflow - INFO - Init train dataset and data pipeline ...
2019-01-16 16:50:40,631 - tensorflow - INFO - Creating the model ...
2019-01-16 16:51:43,180 - tensorflow - INFO - Init test dataset ...
2019-01-16 16:51:48,237 - tensorflow - INFO - Init train dataset and data pipeline ...
2019-01-16 16:52:09,583 - tensorflow - INFO - Creating the model ...
